<?xml version="1.0" encoding="UTF-8"?>
<!-- Generated by org.testng.reporters.JUnitReportReporter -->
<testsuite hostname="CLIENT-PC" failures="0" tests="1" name="com.crm.autodesk.ContactsTests.TC_01_CreateOrgWithIndustryDown" time="13.259" errors="0" timestamp="2021-09-09T10:41:48 EDT" skipped="0">
  <testcase classname="com.crm.autodesk.ContactsTests.TC_01_CreateOrgWithIndustryDown" name="withIndustryTest" time="13.259"/>
  <system-out/>
</testsuite> <!-- com.crm.autodesk.ContactsTests.TC_01_CreateOrgWithIndustryDown -->
