<?xml version="1.0" encoding="UTF-8"?>
<!-- Generated by org.testng.reporters.JUnitReportReporter -->
<testsuite hostname="CLIENT-PC" failures="0" tests="1" name="com.crm.autodesk.pom.TC_51_SearchLeadByClickingOnAnnualRevenue" time="8.376" errors="0" timestamp="2021-09-12T21:44:24 EDT" skipped="0">
  <testcase classname="com.crm.autodesk.pom.TC_51_SearchLeadByClickingOnAnnualRevenue" name="handlingDynamicWebtable" time="8.376"/>
  <system-out/>
</testsuite> <!-- com.crm.autodesk.pom.TC_51_SearchLeadByClickingOnAnnualRevenue -->
