<?xml version="1.0" encoding="UTF-8"?>
<!-- Generated by org.testng.reporters.JUnitReportReporter -->
<testsuite hostname="CLIENT-PC" failures="0" tests="1" name="com.crm.autodesk.pom.TC_52_SearchLeadByClickingOnCreateTimeTest" time="22.028" errors="0" timestamp="2021-09-15T12:25:19 EDT" skipped="0">
  <testcase classname="com.crm.autodesk.pom.TC_52_SearchLeadByClickingOnCreateTimeTest" name="SearchLeadByClickingOnCreateTime" time="22.028"/>
  <system-out/>
</testsuite> <!-- com.crm.autodesk.pom.TC_52_SearchLeadByClickingOnCreateTimeTest -->
