<?xml version="1.0" encoding="UTF-8"?>
<!-- Generated by org.testng.reporters.JUnitReportReporter -->
<testsuite hostname="CLIENT-PC" failures="0" tests="1" name="com.crm.practice.ReadFromXML" time="0.015" errors="0" timestamp="2021-09-07T04:37:04 EDT" skipped="0">
  <testcase classname="com.crm.practice.ReadFromXML" name="readDataFromXML" time="0.015"/>
  <system-out/>
</testsuite> <!-- com.crm.practice.ReadFromXML -->
