<?xml version="1.0" encoding="UTF-8"?>
<!-- Generated by org.testng.reporters.JUnitReportReporter -->
<testsuite hostname="CLIENT-PC" failures="0" tests="1" name="com.crm.autodesk.ContactsTests.TC_01_ProductTest" time="17.152" errors="0" timestamp="2021-09-09T15:00:50 EDT" skipped="0">
  <testcase classname="com.crm.autodesk.ContactsTests.TC_01_ProductTest" name="ProductNum" time="17.152"/>
  <system-out/>
</testsuite> <!-- com.crm.autodesk.ContactsTests.TC_01_ProductTest -->
