<?xml version="1.0" encoding="UTF-8"?>
<!-- Generated by org.testng.reporters.JUnitReportReporter -->
<testsuite hostname="CLIENT-PC" failures="0" tests="1" name="com.crm.autodesk.pom.TC_51_SearchLeadByClickingOnAnnualRevenueTestTestNG" time="17.600" errors="0" timestamp="2021-09-20T07:26:03 EDT" skipped="0">
  <testcase classname="com.crm.autodesk.pom.TC_51_SearchLeadByClickingOnAnnualRevenueTestTestNG" name="SearchLeadByClickingOnAnnualRevenue" time="17.600"/>
  <system-out/>
</testsuite> <!-- com.crm.autodesk.pom.TC_51_SearchLeadByClickingOnAnnualRevenueTestTestNG -->
