<?xml version="1.0" encoding="UTF-8"?>
<!-- Generated by org.testng.reporters.JUnitReportReporter -->
<testsuite hostname="CLIENT-PC" failures="0" tests="1" name="com.crm.practice.LoginPractice" time="8.780" errors="0" timestamp="2021-09-12T21:43:35 EDT" skipped="0">
  <testcase classname="com.crm.practice.LoginPractice" name="handlingDynamicWebtable" time="8.780"/>
  <system-out/>
</testsuite> <!-- com.crm.practice.LoginPractice -->
