<?xml version="1.0" encoding="UTF-8"?>
<!-- Generated by org.testng.reporters.JUnitReportReporter -->
<testsuite hostname="CLIENT-PC" failures="0" tests="1" name="com.crm.autodesk.ContactsTests.TC_01_CreateContactWithOrganizationTest" time="28.041" errors="0" timestamp="2021-09-09T11:52:51 EDT" skipped="0">
  <testcase classname="com.crm.autodesk.ContactsTests.TC_01_CreateContactWithOrganizationTest" name="contactWithOrgTest" time="28.041"/>
  <system-out/>
</testsuite> <!-- com.crm.autodesk.ContactsTests.TC_01_CreateContactWithOrganizationTest -->
